

 ETABS Ultimate 64-bit 19.1.0 Build 2420 (Analysis Build 9853/64)               
 File: C:\Users\xyang\Desktop\...AECTECH\2022\Hackthon\Etabs\hackthon2022_v1.OUT
                                                                     
                                                                       

 D I S P L A C E M E N T   D E G R E E S   O F   F R E E D O M

         (A) = Active DOF, equilibrium equation
         (-) = Restrained DOF, reaction computed
         (+) = Constrained DOF
         (>) = External substructure DOF
         ( ) = Null DOF

  JOINTS              UX  UY  UZ  RX  RY  RZ
       1               A       A       A    
       2               +       A       A    
       3 TO       4    A       A       A    
       5               +       A       A    
       6               A       A       A    
       7 TO       8    -   -   -   -   -   -
       9 TO      10    A       A       A    
      11               +       A       A    
      12 TO      13    A       A       A    
      14               +       A       A    
      17 TO      18    A       A       A    
      19               +       A       A    
      20 TO      21    A       A       A    
      22               +       A       A    
      23 TO      24    A       A       A    
      25               +       A       A    
      26 TO      27    A       A       A    
      28               +       A       A    
      15 TO      34    +       -   -   -    
    NULL                                    

  CONSTRAINTS         U1  U2  U3  R1  R2  R3
 1       TO 8          A                    
